<?xml version="1.0" encoding="UTF-8"?>
<!-- Generated by org.testng.reporters.JUnitReportReporter -->
<testsuite hostname="LAPTOP-4KTRC8TA" failures="0" tests="2" name="testng_extra.Demo1" time="0.045" errors="0" timestamp="2025-10-16T18:50:57 IST" skipped="0">
  <testcase classname="testng_extra.Demo1" name="case1" time="0.041"/>
  <testcase classname="testng_extra.Demo1" name="case2" time="0.004">
    <system-out>
      <![CDATA[hyy prince and mayank!!!!
hyy prince and mayank!!!!]]>
    </system-out>
  </testcase> <!-- case2 -->
  <system-out>
    <![CDATA[hyy prince and mayank!!!!
hyy prince and mayank!!!!]]>
  </system-out>
</testsuite> <!-- testng_extra.Demo1 -->
